<?xml version="1.0" encoding="UTF-8"?>
<testng-results ignored="0" total="1" passed="1" failed="0" skipped="0">
  <reporter-output>
  </reporter-output>
  <suite started-at="2022-11-24T11:41:20 EAT" name="Default suite" finished-at="2022-11-24T11:41:20 EAT" duration-ms="90">
    <groups>
    </groups>
    <test started-at="2022-11-24T11:41:20 EAT" name="Default test" finished-at="2022-11-24T11:41:20 EAT" duration-ms="90">
      <class name="com.seasonalloan.testcases.HomePageTest">
        <test-method signature="verifyLoanTerm()[pri:0, instance:com.seasonalloan.testcases.HomePageTest@3c46e67a]" started-at="2022-11-24T11:41:20 EAT" name="verifyLoanTerm" finished-at="2022-11-24T11:41:20 EAT" duration-ms="18" status="PASS">
          <reporter-output>
          </reporter-output>
        </test-method> <!-- verifyLoanTerm -->
      </class> <!-- com.seasonalloan.testcases.HomePageTest -->
    </test> <!-- Default test -->
  </suite> <!-- Default suite -->
</testng-results>
